# JRE version: Java(TM) SE Runtime Environment (8.0_77-b03) (build 1.8.0_77-b03)
# Java VM: Java HotSpot(TM) 64-Bit Server VM (25.77-b03 mixed mode linux-amd64 compressed oops)
Heap:
 PSYoungGen      total 468480K, used 161749K [0x00000000d7800000, 0x00000000f5300000, 0x0000000100000000)
  eden space 451584K, 35% used [0x00000000d7800000,0x00000000e15f54c0,0x00000000f3100000)
  from space 16896K, 0% used [0x00000000f4280000,0x00000000f4280000,0x00000000f5300000)
  to   space 17408K, 0% used [0x00000000f3100000,0x00000000f3100000,0x00000000f4200000)
 ParOldGen       total 88576K, used 25219K [0x0000000086800000, 0x000000008be80000, 0x00000000d7800000)
  object space 88576K, 28% used [0x0000000086800000,0x00000000880a0cd8,0x000000008be80000)
 Metaspace       used 60465K, capacity 64056K, committed 64152K, reserved 1103872K
  class space    used 8399K, capacity 9067K, committed 9128K, reserved 1048576K
GC Heap History (10 events):
Event: 141.755 GC heap before
{Heap before GC invocations=16 (full 4):
 PSYoungGen      total 466432K, used 4125K [0x00000000d7800000, 0x00000000f5600000, 0x0000000100000000)
  eden space 446976K, 0% used [0x00000000d7800000,0x00000000d7800000,0x00000000f2c80000)
  from space 19456K, 21% used [0x00000000f3f00000,0x00000000f43077c8,0x00000000f5200000)
  to   space 18944K, 0% used [0x00000000f2c80000,0x00000000f2c80000,0x00000000f3f00000)
 ParOldGen       total 88576K, used 24670K [0x0000000086800000, 0x000000008be80000, 0x00000000d7800000)
  object space 88576K, 27% used [0x0000000086800000,0x00000000880178f0,0x000000008be80000)
 Metaspace       used 59372K, capacity 62608K, committed 62616K, reserved 1103872K
  class space    used 8284K, capacity 8868K, committed 8872K, reserved 1048576K
Event: 141.871 GC heap after
Heap after GC invocations=16 (full 4):
 PSYoungGen      total 466432K, used 0K [0x00000000d7800000, 0x00000000f5600000, 0x0000000100000000)
  eden space 446976K, 0% used [0x00000000d7800000,0x00000000d7800000,0x00000000f2c80000)
  from space 19456K, 0% used [0x00000000f3f00000,0x00000000f3f00000,0x00000000f5200000)
  to   space 18944K, 0% used [0x00000000f2c80000,0x00000000f2c80000,0x00000000f3f00000)
 ParOldGen       total 88576K, used 25409K [0x0000000086800000, 0x000000008be80000, 0x00000000d7800000)
  object space 88576K, 28% used [0x0000000086800000,0x00000000880d0400,0x000000008be80000)
 Metaspace       used 59372K, capacity 62608K, committed 62616K, reserved 1103872K
  class space    used 8284K, capacity 8868K, committed 8872K, reserved 1048576K
}
Event: 218.962 GC heap before
{Heap before GC invocations=17 (full 4):
 PSYoungGen      total 466432K, used 216797K [0x00000000d7800000, 0x00000000f5600000, 0x0000000100000000)
  eden space 446976K, 48% used [0x00000000d7800000,0x00000000e4bb7708,0x00000000f2c80000)
  from space 19456K, 0% used [0x00000000f3f00000,0x00000000f3f00000,0x00000000f5200000)
  to   space 18944K, 0% used [0x00000000f2c80000,0x00000000f2c80000,0x00000000f3f00000)
 ParOldGen       total 88576K, used 25409K [0x0000000086800000, 0x000000008be80000, 0x00000000d7800000)
  object space 88576K, 28% used [0x0000000086800000,0x00000000880d0400,0x000000008be80000)
 Metaspace       used 59838K, capacity 63210K, committed 63512K, reserved 1103872K
  class space    used 8335K, capacity 8948K, committed 9000K, reserved 1048576K
Event: 218.968 GC heap after
Heap after GC invocations=17 (full 4):
 PSYoungGen      total 465920K, used 6676K [0x00000000d7800000, 0x00000000f5400000, 0x0000000100000000)
  eden space 446976K, 0% used [0x00000000d7800000,0x00000000d7800000,0x00000000f2c80000)
  from space 18944K, 35% used [0x00000000f2c80000,0x00000000f33052e8,0x00000000f3f00000)
  to   space 17920K, 0% used [0x00000000f4280000,0x00000000f4280000,0x00000000f5400000)
 ParOldGen       total 88576K, used 25417K [0x0000000086800000, 0x000000008be80000, 0x00000000d7800000)
  object space 88576K, 28% used [0x0000000086800000,0x00000000880d2400,0x000000008be80000)
 Metaspace       used 59838K, capacity 63210K, committed 63512K, reserved 1103872K
  class space    used 8335K, capacity 8948K, committed 9000K, reserved 1048576K
}
Event: 218.968 GC heap before
{Heap before GC invocations=18 (full 5):
 PSYoungGen      total 465920K, used 6676K [0x00000000d7800000, 0x00000000f5400000, 0x0000000100000000)
  eden space 446976K, 0% used [0x00000000d7800000,0x00000000d7800000,0x00000000f2c80000)
  from space 18944K, 35% used [0x00000000f2c80000,0x00000000f33052e8,0x00000000f3f00000)
  to   space 17920K, 0% used [0x00000000f4280000,0x00000000f4280000,0x00000000f5400000)
 ParOldGen       total 88576K, used 25417K [0x0000000086800000, 0x000000008be80000, 0x00000000d7800000)
  object space 88576K, 28% used [0x0000000086800000,0x00000000880d2400,0x000000008be80000)
 Metaspace       used 59838K, capacity 63210K, committed 63512K, reserved 1103872K
  class space    used 8335K, capacity 8948K, committed 9000K, reserved 1048576K
Event: 219.060 GC heap after
Heap after GC invocations=18 (full 5):
 PSYoungGen      total 465920K, used 0K [0x00000000d7800000, 0x00000000f5400000, 0x0000000100000000)
  eden space 446976K, 0% used [0x00000000d7800000,0x00000000d7800000,0x00000000f2c80000)
  from space 18944K, 0% used [0x00000000f2c80000,0x00000000f2c80000,0x00000000f3f00000)
  to   space 17920K, 0% used [0x00000000f4280000,0x00000000f4280000,0x00000000f5400000)
 ParOldGen       total 88576K, used 25044K [0x0000000086800000, 0x000000008be80000, 0x00000000d7800000)
  object space 88576K, 28% used [0x0000000086800000,0x00000000880750f0,0x000000008be80000)
 Metaspace       used 59838K, capacity 63210K, committed 63512K, reserved 1103872K
  class space    used 8335K, capacity 8948K, committed 9000K, reserved 1048576K
}
Event: 490.552 GC heap before
{Heap before GC invocations=19 (full 5):
 PSYoungGen      total 465920K, used 239381K [0x00000000d7800000, 0x00000000f5400000, 0x0000000100000000)
  eden space 446976K, 53% used [0x00000000d7800000,0x00000000e61c5740,0x00000000f2c80000)
  from space 18944K, 0% used [0x00000000f2c80000,0x00000000f2c80000,0x00000000f3f00000)
  to   space 17920K, 0% used [0x00000000f4280000,0x00000000f4280000,0x00000000f5400000)
 ParOldGen       total 88576K, used 25044K [0x0000000086800000, 0x000000008be80000, 0x00000000d7800000)
  object space 88576K, 28% used [0x0000000086800000,0x00000000880750f0,0x000000008be80000)
 Metaspace       used 60202K, capacity 63612K, committed 63896K, reserved 1103872K
  class space    used 8369K, capacity 9006K, committed 9128K, reserved 1048576K
Event: 490.557 GC heap after
Heap after GC invocations=19 (full 5):
 PSYoungGen      total 468480K, used 6583K [0x00000000d7800000, 0x00000000f5300000, 0x0000000100000000)
  eden space 451584K, 0% used [0x00000000d7800000,0x00000000d7800000,0x00000000f3100000)
  from space 16896K, 38% used [0x00000000f4280000,0x00000000f48edde8,0x00000000f5300000)
  to   space 17408K, 0% used [0x00000000f3100000,0x00000000f3100000,0x00000000f4200000)
 ParOldGen       total 88576K, used 25052K [0x0000000086800000, 0x000000008be80000, 0x00000000d7800000)
  object space 88576K, 28% used [0x0000000086800000,0x00000000880770f0,0x000000008be80000)
 Metaspace       used 60202K, capacity 63612K, committed 63896K, reserved 1103872K
  class space    used 8369K, capacity 9006K, committed 9128K, reserved 1048576K
}
Event: 490.557 GC heap before
{Heap before GC invocations=20 (full 6):
 PSYoungGen      total 468480K, used 6583K [0x00000000d7800000, 0x00000000f5300000, 0x0000000100000000)
  eden space 451584K, 0% used [0x00000000d7800000,0x00000000d7800000,0x00000000f3100000)
  from space 16896K, 38% used [0x00000000f4280000,0x00000000f48edde8,0x00000000f5300000)
  to   space 17408K, 0% used [0x00000000f3100000,0x00000000f3100000,0x00000000f4200000)
 ParOldGen       total 88576K, used 25052K [0x0000000086800000, 0x000000008be80000, 0x00000000d7800000)
  object space 88576K, 28% used [0x0000000086800000,0x00000000880770f0,0x000000008be80000)
 Metaspace       used 60202K, capacity 63612K, committed 63896K, reserved 1103872K
  class space    used 8369K, capacity 9006K, committed 9128K, reserved 1048576K
Event: 490.656 GC heap after
Heap after GC invocations=20 (full 6):
 PSYoungGen      total 468480K, used 0K [0x00000000d7800000, 0x00000000f5300000, 0x0000000100000000)
  eden space 451584K, 0% used [0x00000000d7800000,0x00000000d7800000,0x00000000f3100000)
  from space 16896K, 0% used [0x00000000f4280000,0x00000000f4280000,0x00000000f5300000)
  to   space 17408K, 0% used [0x00000000f3100000,0x00000000f3100000,0x00000000f4200000)
 ParOldGen       total 88576K, used 25219K [0x0000000086800000, 0x000000008be80000, 0x00000000d7800000)
  object space 88576K, 28% used [0x0000000086800000,0x00000000880a0cd8,0x000000008be80000)
 Metaspace       used 60200K, capacity 63606K, committed 63896K, reserved 1103872K
  class space    used 8368K, capacity 9004K, committed 9128K, reserved 1048576K
}

