# JRE version: Java(TM) SE Runtime Environment (8.0_77-b03) (build 1.8.0_77-b03)
# Java VM: Java HotSpot(TM) 64-Bit Server VM (25.77-b03 mixed mode linux-amd64 compressed oops)
Heap:
 PSYoungGen      total 346112K, used 60177K [0x00000000d7800000, 0x00000000f6b80000, 0x0000000100000000)
  eden space 326144K, 18% used [0x00000000d7800000,0x00000000db2c4498,0x00000000eb680000)
  from space 19968K, 0% used [0x00000000eb680000,0x00000000eb680000,0x00000000eca00000)
  to   space 19968K, 0% used [0x00000000f5800000,0x00000000f5800000,0x00000000f6b80000)
 ParOldGen       total 84992K, used 24156K [0x0000000086800000, 0x000000008bb00000, 0x00000000d7800000)
  object space 84992K, 28% used [0x0000000086800000,0x0000000087f973d0,0x000000008bb00000)
 Metaspace       used 58714K, capacity 61798K, committed 61976K, reserved 1101824K
  class space    used 8177K, capacity 8720K, committed 8744K, reserved 1048576K
GC Heap History (10 events):
Event: 1.928 GC heap before
{Heap before GC invocations=10 (full 1):
 PSYoungGen      total 237056K, used 18920K [0x00000000d7800000, 0x00000000e6f00000, 0x0000000100000000)
  eden space 225280K, 3% used [0x00000000d7800000,0x00000000d7efc688,0x00000000e5400000)
  from space 11776K, 99% used [0x00000000e6380000,0x00000000e6efdbf8,0x00000000e6f00000)
  to   space 13312K, 0% used [0x00000000e5500000,0x00000000e5500000,0x00000000e6200000)
 ParOldGen       total 44544K, used 7309K [0x0000000086800000, 0x0000000089380000, 0x00000000d7800000)
  object space 44544K, 16% used [0x0000000086800000,0x0000000086f23428,0x0000000089380000)
 Metaspace       used 33531K, capacity 35362K, committed 35496K, reserved 1079296K
  class space    used 4703K, capacity 5018K, committed 5032K, reserved 1048576K
Event: 1.932 GC heap after
Heap after GC invocations=10 (full 1):
 PSYoungGen      total 239616K, used 7815K [0x00000000d7800000, 0x00000000ed880000, 0x0000000100000000)
  eden space 226304K, 0% used [0x00000000d7800000,0x00000000d7800000,0x00000000e5500000)
  from space 13312K, 58% used [0x00000000e5500000,0x00000000e5ca1e30,0x00000000e6200000)
  to   space 13312K, 0% used [0x00000000ecb80000,0x00000000ecb80000,0x00000000ed880000)
 ParOldGen       total 44544K, used 7317K [0x0000000086800000, 0x0000000089380000, 0x00000000d7800000)
  object space 44544K, 16% used [0x0000000086800000,0x0000000086f25428,0x0000000089380000)
 Metaspace       used 33531K, capacity 35362K, committed 35496K, reserved 1079296K
  class space    used 4703K, capacity 5018K, committed 5032K, reserved 1048576K
}
Event: 1.932 GC heap before
{Heap before GC invocations=11 (full 2):
 PSYoungGen      total 239616K, used 7815K [0x00000000d7800000, 0x00000000ed880000, 0x0000000100000000)
  eden space 226304K, 0% used [0x00000000d7800000,0x00000000d7800000,0x00000000e5500000)
  from space 13312K, 58% used [0x00000000e5500000,0x00000000e5ca1e30,0x00000000e6200000)
  to   space 13312K, 0% used [0x00000000ecb80000,0x00000000ecb80000,0x00000000ed880000)
 ParOldGen       total 44544K, used 7317K [0x0000000086800000, 0x0000000089380000, 0x00000000d7800000)
  object space 44544K, 16% used [0x0000000086800000,0x0000000086f25428,0x0000000089380000)
 Metaspace       used 33531K, capacity 35362K, committed 35496K, reserved 1079296K
  class space    used 4703K, capacity 5018K, committed 5032K, reserved 1048576K
Event: 1.955 GC heap after
Heap after GC invocations=11 (full 2):
 PSYoungGen      total 239616K, used 0K [0x00000000d7800000, 0x00000000ed880000, 0x0000000100000000)
  eden space 226304K, 0% used [0x00000000d7800000,0x00000000d7800000,0x00000000e5500000)
  from space 13312K, 0% used [0x00000000e5500000,0x00000000e5500000,0x00000000e6200000)
  to   space 13312K, 0% used [0x00000000ecb80000,0x00000000ecb80000,0x00000000ed880000)
 ParOldGen       total 60416K, used 12715K [0x0000000086800000, 0x000000008a300000, 0x00000000d7800000)
  object space 60416K, 21% used [0x0000000086800000,0x000000008746aeb8,0x000000008a300000)
 Metaspace       used 33531K, capacity 35362K, committed 35496K, reserved 1079296K
  class space    used 4703K, capacity 5018K, committed 5032K, reserved 1048576K
}
Event: 10.338 GC heap before
{Heap before GC invocations=12 (full 2):
 PSYoungGen      total 239616K, used 226304K [0x00000000d7800000, 0x00000000ed880000, 0x0000000100000000)
  eden space 226304K, 100% used [0x00000000d7800000,0x00000000e5500000,0x00000000e5500000)
  from space 13312K, 0% used [0x00000000e5500000,0x00000000e5500000,0x00000000e6200000)
  to   space 13312K, 0% used [0x00000000ecb80000,0x00000000ecb80000,0x00000000ed880000)
 ParOldGen       total 60416K, used 12715K [0x0000000086800000, 0x000000008a300000, 0x00000000d7800000)
  object space 60416K, 21% used [0x0000000086800000,0x000000008746aeb8,0x000000008a300000)
 Metaspace       used 54472K, capacity 57562K, committed 57640K, reserved 1099776K
  class space    used 7647K, capacity 8190K, committed 8232K, reserved 1048576K
Event: 10.356 GC heap after
Heap after GC invocations=12 (full 2):
 PSYoungGen      total 339456K, used 13290K [0x00000000d7800000, 0x00000000edd80000, 0x0000000100000000)
  eden space 326144K, 0% used [0x00000000d7800000,0x00000000d7800000,0x00000000eb680000)
  from space 13312K, 99% used [0x00000000ecb80000,0x00000000ed87aa88,0x00000000ed880000)
  to   space 19968K, 0% used [0x00000000eb680000,0x00000000eb680000,0x00000000eca00000)
 ParOldGen       total 60416K, used 26544K [0x0000000086800000, 0x000000008a300000, 0x00000000d7800000)
  object space 60416K, 43% used [0x0000000086800000,0x00000000881ec3b8,0x000000008a300000)
 Metaspace       used 54472K, capacity 57562K, committed 57640K, reserved 1099776K
  class space    used 7647K, capacity 8190K, committed 8232K, reserved 1048576K
}
Event: 10.469 GC heap before
{Heap before GC invocations=13 (full 2):
 PSYoungGen      total 339456K, used 34713K [0x00000000d7800000, 0x00000000edd80000, 0x0000000100000000)
  eden space 326144K, 6% used [0x00000000d7800000,0x00000000d8cebb60,0x00000000eb680000)
  from space 13312K, 99% used [0x00000000ecb80000,0x00000000ed87aa88,0x00000000ed880000)
  to   space 19968K, 0% used [0x00000000eb680000,0x00000000eb680000,0x00000000eca00000)
 ParOldGen       total 60416K, used 26544K [0x0000000086800000, 0x000000008a300000, 0x00000000d7800000)
  object space 60416K, 43% used [0x0000000086800000,0x00000000881ec3b8,0x000000008a300000)
 Metaspace       used 55976K, capacity 59066K, committed 59160K, reserved 1099776K
  class space    used 7860K, capacity 8414K, committed 8488K, reserved 1048576K
Event: 10.477 GC heap after
Heap after GC invocations=13 (full 2):
 PSYoungGen      total 346112K, used 3397K [0x00000000d7800000, 0x00000000f6b80000, 0x0000000100000000)
  eden space 326144K, 0% used [0x00000000d7800000,0x00000000d7800000,0x00000000eb680000)
  from space 19968K, 17% used [0x00000000eb680000,0x00000000eb9d1750,0x00000000eca00000)
  to   space 19968K, 0% used [0x00000000f5800000,0x00000000f5800000,0x00000000f6b80000)
 ParOldGen       total 60416K, used 37537K [0x0000000086800000, 0x000000008a300000, 0x00000000d7800000)
  object space 60416K, 62% used [0x0000000086800000,0x0000000088ca87f8,0x000000008a300000)
 Metaspace       used 55976K, capacity 59066K, committed 59160K, reserved 1099776K
  class space    used 7860K, capacity 8414K, committed 8488K, reserved 1048576K
}
Event: 10.477 GC heap before
{Heap before GC invocations=14 (full 3):
 PSYoungGen      total 346112K, used 3397K [0x00000000d7800000, 0x00000000f6b80000, 0x0000000100000000)
  eden space 326144K, 0% used [0x00000000d7800000,0x00000000d7800000,0x00000000eb680000)
  from space 19968K, 17% used [0x00000000eb680000,0x00000000eb9d1750,0x00000000eca00000)
  to   space 19968K, 0% used [0x00000000f5800000,0x00000000f5800000,0x00000000f6b80000)
 ParOldGen       total 60416K, used 37537K [0x0000000086800000, 0x000000008a300000, 0x00000000d7800000)
  object space 60416K, 62% used [0x0000000086800000,0x0000000088ca87f8,0x000000008a300000)
 Metaspace       used 55976K, capacity 59066K, committed 59160K, reserved 1099776K
  class space    used 7860K, capacity 8414K, committed 8488K, reserved 1048576K
Event: 10.552 GC heap after
Heap after GC invocations=14 (full 3):
 PSYoungGen      total 346112K, used 0K [0x00000000d7800000, 0x00000000f6b80000, 0x0000000100000000)
  eden space 326144K, 0% used [0x00000000d7800000,0x00000000d7800000,0x00000000eb680000)
  from space 19968K, 0% used [0x00000000eb680000,0x00000000eb680000,0x00000000eca00000)
  to   space 19968K, 0% used [0x00000000f5800000,0x00000000f5800000,0x00000000f6b80000)
 ParOldGen       total 84992K, used 24156K [0x0000000086800000, 0x000000008bb00000, 0x00000000d7800000)
  object space 84992K, 28% used [0x0000000086800000,0x0000000087f973d0,0x000000008bb00000)
 Metaspace       used 55976K, capacity 59066K, committed 59160K, reserved 1099776K
  class space    used 7860K, capacity 8414K, committed 8488K, reserved 1048576K
}

